1 4 5
2 5 6
3 10 11
4 15 16
5 20 21
11 25 26
16 30 31
21 35 36
26 40 41
31 45 46
36 50 51
41 55 56
46 60 61
51 65 66
56 70 71
61 75 76
66 80 81
71 85 86
76 90 91
81 95 96
86 100 101
91 105 106
96 110 111
101 115 116
106 120 121
111 125 126
116 130 131
121 135 136
126 140 141
131 145 146
136 150 151
141 155 156
146 160 161
151 165 166
156 170 171
161 175 176
166 180 181
171 185 186
176 190 191
181 195 196
186 200 201
191 205 206
196 210 211
201 215 216
206 220 221
211 225 226
216 230 231
221 235 236
226 240 241
231 245 246
236 250 251
241 255 256
246 260 261
251 265 266
256 270 271
261 275 276
266 280 281
271 285 286
276 290 291
281 295 296
286 300 301
291 305 306
296 310 311
301 315 316
306 320 321
311 325 326
316 330 331
321 335 336
326 340 341
331 345 346
336 350 351
341 355 356
346 360 361
351 365 366
356 370 371
361 375 376
366 380 381
371 385 386
376 390 391
381 395 396
386 400 401
391 405 406
396 410 411
401 415 416
406 420 421
411 425 426
416 430 431
421 435 436
426 440 441
431 445 446
436 450 451
441 455 456
446 460 461
451 465 466
456 470 471
461 475 476
466 480 481
471 485 486
476 490 491
481 495 496
486 500 501
491 505 506
496 510 511
501 515 516
506 520 521
511 525 526
516 530 531
521 535 536
526 540 541
531 545 546
536 550 551
541 555 556
546 560 561
551 565 566
556 570 571
561 575 576
566 580 581
571 585 586
576 590 591
581 595 596
586 600 601
591 605 606
596 610 611
601 615 616
606 620 621
611 625 626
616 630 631
621 635 636
626 640 641
631 645 646
636 650 651
641 655 656
646 660 661
651 665 666
656 670 671
661 675 676
666 680 681
671 685 686
676 690 691
681 695 696
686 700 701
691 705 706
696 710 711
701 715 716
706 720 721
711 725 726
716 730 731
721 735 736
726 740 741
731 745 746
736 750 751
741 755 756
746 760 761
751 765 766
756 770 771
761 775 776
766 780 781
771 785 786
776 790 791
781 795 796
786 800 801
791 805 806
796 810 811
801 815 816
806 820 821
811 825 826
816 830 831
821 835 836
826 840 841
831 845 846
836 850 851
841 855 856
846 860 861
851 865 866
856 870 871
861 875 876
866 880 881
871 885 886
876 890 891
881 895 896
886 900 901
891 905 906
896 910 911
901 915 916
906 920 921
911 925 926
916 930 931
921 935 936
926 940 941
931 945 946
936 950 951
941 955 956
946 960 961
951 965 966
956 970 971
961 975 976
966 980 981
971 985 986
976 990 991
981 995 996
986 1000 1001
991 1005 1006
996 1010 1011
1001 1015 1016
1006 1020 1021
1011 1025 1026
1016 1030 1031
1021 1035 1036
1026 1040 1041
1031 1045 1046
1036 1050 1051
1041 1055 1056
1046 1060 1061
1051 1065 1066
1056 1070 1071
1061 1075 1076
1066 1080 1081
1071 1085 1086
1076 1090 1091
1081 1095 1096
1086 1100 1101
1091 1105 1106
1096 1110 1111
1101 1115 1116
1106 1120 1121
1111 1125 1126
1116 1130 1131
1121 1135 1136
1126 1140 1141
1131 1145 1146
1136 1150 1151
1141 1155 1156
1146 1160 1161
1151 1165 1166
1156 1170 1171
1161 1175 1176
1166 1180 1181
1171 1185 1186
1176 1190 1191
1181 1195 1196
1186 1200 1201
1191 1205 1206
1196 1210 1211
1201 1215 1216
1206 1220 1221
1211 1225 1226
1216 1230 1231
1221 1235 1236
1226 1240 1241
1231 1245 1246
1236 1250 1251
1241 1255 1256
1246 1260 1261
1251 1265 1266
1256 1270 1271
1261 1275 1276
1266 1280 1281
1271 1285 1286
1276 1290 1291
1281 1295 1296
1286 1300 1301
1291 1305 1306
1296 1310 1311
1301 1315 1316
1306 1320 1321
1311 1325 1326
1316 1330 1331
1321 1335 1336
1326 1340 1341
1331 1345 1346
1336 1350 1351
1341 1355 1356
1346 1360 1361
1351 1365 1366
1356 1370 1371
1361 1375 1376
1366 1380 1381
1371 1385 1386
1376 1390 1391
1381 1395 1396
1386 1400 1401
1391 1405 1406
1396 1410 1411
1401 1415 1416
1406 1420 1421
1411 1425 1426
1416 1430 1431
1421 1435 1436
1426 1440 1441
1431 1445 1446
1436 1450 1451
1441 1455 1456
1446 1460 1461
1451 1465 1466
1456 1470 1471
1461 1475 1476
1466 1480 1481
1471 1485 1486
1476 1490 1491
1481 1495 1496
1486 1500 1501
1491 1505 1506
1496 1510 1511
1501 1515 1516
1506 1520 1521
1511 1525 1526
1516 1530 1531
1521 1535 1536
1526 1540 1541
1531 1545 1546
1536 1550 1551
1541 1555 1556
1546 1560 1561
1551 1565 1566
1556 1570 1571
1561 1575 1576
1566 1580 1581
1571 1585 1586
1576 1590 1591
1581 1595 1596
1586 1600 1601
1591 1605 1606
1596 1610 1611
1601 1615 1616
1606 1620 1621
1611 1625 1626
1616 1630 1631
1621 1635 1636
1626 1640 1641
1631 1645 1646
1636 1650 1651
1641 1655 1656
1646 1660 1661
1651 1665 1666
1656 1670 1671
1661 1675 1676
1666 1680 1681
1671 1685 1686
1676 1690 1691
1681 1695 1696
1686 1700 1701
1691 1705 1706
1696 1710 1711
1701 1715 1716
1706 1720 1721
1711 1725 1726
1716 1730 1731
1721 1735 1736
1726 1740 1741
1731 1745 1746
1736 1750 1751
1741 1755 1756
1746 1760 1761
1751 1765 1766
1756 1770 1771
1761 1775 1776
1766 1780 1781
1771 1785 1786
1776 1790 1791
1781 1795 1796
1786 1800 1801
1791 1805 1806
1796 1810 1811
1801 1815 1816
1806 1820 1821
1811 1825 1826
1816 1830 1831
1821 1835 1836
1826 1840 1841
1831 1845 1846
1836 1850 1851
1841 1855 1856
1846 1860 1861
1851 1865 1866
1856 1870 1871
1861 1875 1876
1866 1880 1881
1871 1885 1886
1876 1890 1891
1881 1895 1896
1886 1900 1901
1891 1905 1906
1896 1910 1911
1901 1915 1916
1906 1920 1921
1911 1925 1926
1916 1930 1931
1921 1935 1936
1926 1940 1941
1931 1945 1946
1936 1950 1951
1941 1955 1956
1946 1960 1961
1951 1965 1966
1956 1970 1971
1961 1975 1976
1966 1980 1981
1971 1985 1986
1976 1990 1991
1981 1995 1996
1986 2000 2001
1991 2005 2006
1996 2010 2011
2001 2015 2016
2006 2020 2021
2011 2025 2026
2016 2030 2031
2021 2035 2036
2026 2040 2041
2031 2045 2046
2036 2050 2051
2041 2055 2056
2046 2060 2061
2051 2065 2066
2056 2070 2071
2061 2075 2076
2066 2080 2081
2071 2085 2086
2076 2090 2091
2081 2095 2096
2086 2100 2101
2091 2105 2106
2096 2110 2111
2101 2115 2116
2106 2120 2121
2111 2125 2126
2116 2130 2131
2121 2135 2136
2126 2140 2141
2131 2145 2146
2136 2150 2151
2141 2155 2156
2146 2160 2161
2151 2165 2166
2156 2170 2171
2161 2175 2176
2166 2180 2181
2171 2185 2186
2176 2190 2191
2181 2195 2196
2186 2200 2201
2191 2205 2206
2196 2210 2211
2201 2215 2216
2206 2220 2221
2211 2225 2226
2216 2230 2231
2221 2235 2236
2226 2240 2241
2231 2245 2246
2236 2250 2251
2241 2255 2256
2246 2260 2261
2251 2265 2266
2256 2270 2271
2261 2275 2276
2266 2280 2281
2271 2285 2286
2276 2290 2291
2281 2295 2296
2286 2300 2301
2291 2305 2306
2296 2310 2311
2301 2315 2316
2306 2320 2321
2311 2325 2326
2316 2330 2331
2321 2335 2336
2326 2340 2341
2331 2345 2346
2336 2350 2351
2341 2355 2356
2346 2360 2361
2351 2365 2366
2356 2370 2371
2361 2375 2376
2366 2380 2381
2371 2385 2386
2376 2390 2391
2381 2395 2396
2386 2400 2401
2391 2405 2406
2396 2410 2411
2401 2415 2416
2406 2420 2421
2411 2425 2426
2416 2430 2431
2421 2435 2436
2426 2440 2441
2431 2445 2446
2436 2450 2451
2441 2455 2456
2446 2460 2461
2451 2465 2466
2456 2470 2471
2461 2475 2476
2466 2480 2481
2471 2485 2486
2476 2490 2491
2481 2495 2496
2486 2500 2501
2491 2505 2506
2496 2510 2511
2501 2515 2516
2506 2520 2521
2511 2525 2526
2516 2530 2531
2521 2535 2536
2526 2540 2541
2531 2545 2546
2536 2550 2551
2541 2555 2556
2546 2560 2561
2551 2565 2566
2556 2570 2571
2561 2575 2576
2566 2580 2581
2571 2585 2586
2576 2590 2591
2581 2595 2596
2586 2600 2601
2591 2605 2606
2596 2610 2611
2601 2615 2616
2606 2620 2621
2611 2625 2626
2616 2630 2631
2621 2635 2636
2626 2640 2641
2631 2645 2646
2636 2650 2651
2641 2655 2656
2646 2660 2661
2651 2665 2666
2656 2670 2671
2661 2675 2676
2666 2680 2681
2671 2685 2686
2676 2690 2691
2681 2695 2696
2686 2700 2701
2691 2705 2706
2696 2710 2711
2701 2715 2716
2706 2720 2721
2711 2725 2726
2716 2730 2731
2721 2735 2736
2726 2740 2741
2731 2745 2746
2736 2750 2751
2741 2755 2756
2746 2760 2761
2751 2765 2766
2756 2770 2771
2761 2775 2776
2766 2780 2781
2771 2785 2786
2776 2790 2791
2781 2795 2796
2786 2800 2801
2791 2805 2806
2796 2810 2811
2801 2815 2816
2806 2820 2821
2811 2825 2826
2816 2830 2831
2821 2835 2836
2826 2840 2841
2831 2845 2846
2836 2850 2851
2841 2855 2856
2846 2860 2861
2851 2865 2866
2856 2870 2871
2861 2875 2876
2866 2880 2881
2871 2885 2886
2876 2890 2891
2881 2895 2896
2886 2900 2901
2891 2905 2906
2896 2910 2911
2901 2915 2916
2906 2920 2921
2911 2925 2926
2916 2930 2931
2921 2935 2936
2926 2940 2941
2931 2945 2946
2936 2950 2951
2941 2955 2956
2946 2960 2961
2951 2965 2966
2956 2970 2971
2961 2975 2976
2966 2980 2981
2971 2985 2986
2976 2990 2991
2981 2995 2996
2986 3000 3001
2991 3005 3006
2996 3010 3011
3001 3015 3016
3006 3020 3021
3011 3025 3026
3016 3030 3031
3021 3035 3036
3026 3040 3041
3031 3045 3046
3036 3050 3051
3041 3055 3056
3046 3060 3061
3051 3065 3066
3056 3070 3071
3061 3075 3076
3066 3080 3081
3071 3085 3086
3076 3090 3091
3081 3095 3096
3086 3100 3101
3091 3105 3106
3096 3110 3111
3101 3115 3116
3106 3120 3121
3111 3125 3126
3116 3130 3131
3121 3135 3136
3126 3140 3141
3131 3145 3146
3136 3150 3151
3141 3155 3156
3146 3160 3161
3151 3165 3166
3156 3170 3171
3161 3175 3176
3166 3180 3181
3171 3185 3186
3176 3190 3191
3181 3195 3196
3186 3200 3201
3191 3205 3206
3196 3210 3211
3201 3215 3216
3206 3220 3221
3211 3225 3226
3216 3230 3231
3221 3235 3236
3226 3240 3241
3231 3245 3246
3236 3250 3251
3241 3255 3256
3246 3260 3261
3251 3265 3266
3256 3270 3271
3261 3275 3276
3266 3280 3281
3271 3285 3286
3276 3290 3291
3281 3295 3296
3286 3300 3301
3291 3305 3306
3296 3310 3311
3301 3315 3316
3306 3320 3321
3311 3325 3326
3316 3330 3331
3321 3335 3336
3326 3340 3341
3331 3345 3346
3336 3350 3351
3341 3355 3356
3346 3360 3361
3351 3365 3366
3356 3370 3371
3361 3375 3376
3366 3380 3381
3371 3385 3386
3376 3390 3391
3381 3395 3396
3386 3400 3401
3391 3405 3406
3396 3410 3411
3401 3415 3416
3406 3420 3421
3411 3425 3426
3416 3430 3431
3421 3435 3436
3426 3440 3441
3431 3445 3446
3436 3450 3451
3441 3455 3456
3446 3460 3461
3451 3465 3466
3456 3470 3471
3461 3475 3476
3466 3480 3481
3471 3485 3486
3476 3490 3491
3481 3495 3496
3486 3500 3501
3491 3505 3506
3496 3510 3511
3501 3515 3516
3506 3520 3521
3511 3525 3526
3516 3530 3531
3521 3535 3536
3526 3540 3541
3531 3545 3546
3536 3550 3551
3541 3555 3556
3546 3560 3561
3551 3565 3566
3556 3570 3571
3561 3575 3576
3566 3580 3581
3571 3585 3586
3576 3590 3591
3581 3595 3596
3586 3600 3601
3591 3605 3606
3596 3610 3611
3601 3615 3616
3606 3620 3621
3611 3625 3626
3616 3630 3631
3621 3635 3636
3626 3640 3641
3631 3645 3646
3636 3650 3651
3641 3655 3656
3646 3660 3661
3651 3665 3666
3656 3670 3671
3661 3675 3676
3666 3680 3681
3671 3685 3686
3676 3690 3691
3681 3695 3696
3686 3700 3701
3691 3705 3706
3696 3710 3711
3701 3715 3716
3706 3720 3721
3711 3725 3726
3716 3730 3731
3721 3735 3736
3726 3740 3741
3731 3745 3746
3736 3750 3751
3741 3755 3756
3746 3760 3761
3751 3765 3766
3756 3770 3771
3761 3775 3776
3766 3780 3781
3771 3785 3786
3776 3790 3791
3781 3795 3796
3786 3800 3801
3791 3805 3806
3796 3810 3811
3801 3815 3816
3806 3820 3821
3811 3825 3826
3816 3830 3831
3821 3835 3836
3826 3840 3841
3831 3845 3846
3836 3850 3851
3841 3855 3856
3846 3860 3861
3851 3865 3866
3856 3870 3871
3861 3875 3876
3866 3880 3881
3871 3885 3886
3876 3890 3891
3881 3895 3896
3886 3900 3901
3891 3905 3906
3896 3910 3911
3901 3915 3916
3906 3920 3921
3911 3925 3926
3916 3930 3931
3921 3935 3936
3926 3940 3941
3931 3945 3946
3936 3950 3951
3941 3955 3956
3946 3960 3961
3951 3965 3966
3956 3970 3971
3961 3975 3976
3966 3980 3981
3971 3985 3986
3976 3990 3991
3981 3995 3996
3986 4000 4001
3991 4005 4006
3996 4010 4011
4001 4015 4016
4006 4020 4021
4011 4025 4026
4016 4030 4031
4021 4035 4036
4026 4040 4041
4031 4045 4046
4036 4050 4051
4041 4055 4056
4046 4060 4061
4051 4065 4066
4056 4070 4071
4061 4075 4076
4066 4080 4081
4071 4085 4086
4076 4090 4091
4081 4095 4096
4086 4100 4101
4091 4105 4106
4096 4110 4111
4101 4115 4116
4106 4120 4121
4111 4125 4126
4116 4130 4131
4121 4135 4136
4126 4140 4141
4131 4145 4146
4136 4150 4151
4141 4155 4156
4146 4160 4161
4151 4165 4166
4156 4170 4171
4161 4175 4176
4166 4180 4181
4171 4185 4186
4176 4190 4191
4181 4195 4196
4186 4200 4201
4191 4205 4206
4196 4210 4211
4201 4215 4216
4206 4220 4221
4211 4225 4226
4216 4230 4231
4221 4235 4236
4226 4240 4241
4231 4245 4246
4236 4250 4251
4241 4255 4256
4246 4260 4261
4251 4265 4266
4256 4270 4271
4261 4275 4276
4266 4280 4281
4271 4285 4286
4276 4290 4291
4281 4295 4296
4286 4300 4301
4291 4305 4306
4296 4310 4311
4301 4315 4316
4306 4320 4321
4311 4325 4326
4316 4330 4331
4321 4335 4336
4326 4340 4341
4331 4345 4346
4336 4350 4351
4341 4355 4356
4346 4360 4361
4351 4365 4366
4356 4370 4371
4361 4375 4376
4366 4380 4381
4371 4385 4386
4376 4390 4391
4381 4395 4396
4386 4400 4401
4391 4405 4406
4396 4410 4411
4401 4415 4416
4406 4420 4421
4411 4425 4426
4416 4430 4431
4421 4435 4436
4426 4440 4441
4431 4445 4446
4436 4450 4451
4441 4455 4456
4446 4460 4461
4451 4465 4466
4456 4470 4471
4461 4475 4476
4466 4480 4481
4471 4485 4486
4476 4490 4491
4481 4495 4496
4486 4500 4501
4491 4505 4506
4496 4510 4511
4501 4515 4516
4506 4520 4521
4511 4525 4526
4516 4530 4531
4521 4535 4536
4526 4540 4541
4531 4545 4546
4536 4550 4551
4541 4555 4556
4546 4560 4561
4551 4565 4566
4556 4570 4571
4561 4575 4576
4566 4580 4581
4571 4585 4586
4576 4590 4591
4581 4595 4596
4586 4600 4601
4591 4605 4606
4596 4610 4611
4601 4615 4616
4606 4620 4621
4611 4625 4626
4616 4630 4631
4621 4635 4636
4626 4640 4641
4631 4645 4646
4636 4650 4651
4641 4655 4656
4646 4660 4661
4651 4665 4666
4656 4670 4671
4661 4675 4676
4666 4680 4681
4671 4685 4686
4676 4690 4691
4681 4695 4696
4686 4700 4701
4691 4705 4706
4696 4710 4711
4701 4715 4716
4706 4720 4721
4711 4725 4726
4716 4730 4731
4721 4735 4736
4726 4740 4741
4731 4745 4746
4736 4750 4751
4741 4755 4756
4746 4760 4761
4751 4765 4766
4756 4770 4771
4761 4775 4776
4766 4780 4781
4771 4785 4786
4776 4790 4791
4781 4795 4796
4786 4800 4801
4791 4805 4806
4796 4810 4811
4801 4815 4816
4806 4820 4821
4811 4825 4826
4816 4830 4831
4821 4835 4836
4826 4840 4841
4831 4845 4846
4836 4850 4851
4841 4855 4856
4846 4860 4861
4851 4865 4866
4856 4870 4871
4861 4875 4876
4866 4880 4881
4871 4885 4886
4876 4890 4891
4881 4895 4896
4886 4900 4901
4891 4905 4906
4896 4910 4911
4901 4915 4916
4906 4920 4921
4911 4925 4926
4916 4930 4931
4921 4935 4936
4926 4940 4941
4931 4945 4946
4936 4950 4951
4941 4955 4956
4946 4960 4961
4951 4965 4966
4956 4970 4971
4961 4975 4976
4966 4980 4981
4971 4985 4986
4976 4990 4991
4981 4995 4996
4986 5000 5001
4991 5005 5006
4996 5010 5011
5001 5015 5016
5006 5020 5021
5011 5025 5026
5016 5030 5031
5021 5035 5036
5026 5040 5041
5031 5045 5046
5036 5050 5051
5041 5055 5056
5046 5060 5061
5051 5065 5066
5056 5070 5071
5061 5075 5076
5066 5080 5081
5071 5085 5086
